<?xml version="1.0" encoding="UTF-8"?>
<testsuite name="Banistmo websites" tests="1" skipped="0" failures="0" errors="0" timestamp="2024-01-24T22:17:58" hostname="DESKTOP-E2ILQ1U" time="11.507">
  <properties/>
  <testcase name="Accessing the Banistmo websites" classname="Banistmo websites" time="11.507"/>
  <system-out><![CDATA[?[92m|-- Given Select button cookies?[0m
?[92m|---- Automation click button cookies tasks?[0m
?[92m|------ Automation clicks on Boton de cookies?[0m
?[92m|-- When Search the aprender?[0m
?[92m|---- Automation click button aprender tasks?[0m
?[92m|------ Automation clicks on Boton de Aprender?[0m
?[92m|-- When Search the legales?[0m
?[92m|---- Automation click button legales tasks?[0m
?[92m|------ Automation clicks on Boton de Aprender?[0m
?[92m|-- When Search the fatca y crs?[0m
?[92m|---- Automation click button fact tasks?[0m
?[92m|------ Automation clicks on Boton de Aprender?[0m
?[92m|-- When Download “PJ-Autocertificación unificado- Fatca y CRS.pdf”?[0m
?[92m|---- Automation click button download tasks?[0m
?[92m|------ Automation clicks on Boton de Aprender?[0m
?[92m|-- Then Validar pdf?[0m
?[92m|---- Automation cambio?[0m
?[92m|---- Automation wait?[0m
?[92m|---- Automation cambio?[0m
]]></system-out>
  <system-err><![CDATA[]]></system-err>
</testsuite>
